<?xml version="1.0" encoding="UTF-8"?>
<testsuite xmlns:xsi="http://www.w3.org/2001/XMLSchema-instance" xsi:noNamespaceSchemaLocation="https://maven.apache.org/surefire/maven-surefire-plugin/xsd/surefire-test-report-3.0.xsd" version="3.0" name="com.example.bookonline.dao.BookDaoTest" time="0.035" tests="2" errors="0" skipped="0" failures="0">
  <properties>
    <property name="java.specification.version" value="17"/>
    <property name="sun.cpu.isalist" value="amd64"/>
    <property name="sun.jnu.encoding" value="GBK"/>
    <property name="java.class.path" value="E:\idea\Javaweb-learning\book-online\target\test-classes;E:\idea\Javaweb-learning\book-online\target\classes;E:\tools\maven_jar\jakarta\servlet\jakarta.servlet-api\6.0.0\jakarta.servlet-api-6.0.0.jar;E:\tools\maven_jar\org\junit\jupiter\junit-jupiter-api\5.9.1\junit-jupiter-api-5.9.1.jar;E:\tools\maven_jar\org\opentest4j\opentest4j\1.2.0\opentest4j-1.2.0.jar;E:\tools\maven_jar\org\junit\platform\junit-platform-commons\1.9.1\junit-platform-commons-1.9.1.jar;E:\tools\maven_jar\org\apiguardian\apiguardian-api\1.1.2\apiguardian-api-1.1.2.jar;E:\tools\maven_jar\org\junit\jupiter\junit-jupiter-engine\5.9.1\junit-jupiter-engine-5.9.1.jar;E:\tools\maven_jar\org\junit\platform\junit-platform-engine\1.9.1\junit-platform-engine-1.9.1.jar;E:\tools\maven_jar\com\alibaba\druid\1.2.8\druid-1.2.8.jar;E:\tools\maven_jar\javax\annotation\javax.annotation-api\1.3.2\javax.annotation-api-1.3.2.jar;E:\tools\maven_jar\org\springframework\spring-jdbc\5.3.15\spring-jdbc-5.3.15.jar;E:\tools\maven_jar\org\springframework\spring-beans\5.3.15\spring-beans-5.3.15.jar;E:\tools\maven_jar\org\springframework\spring-core\5.3.15\spring-core-5.3.15.jar;E:\tools\maven_jar\org\springframework\spring-jcl\5.3.15\spring-jcl-5.3.15.jar;E:\tools\maven_jar\org\springframework\spring-tx\5.3.15\spring-tx-5.3.15.jar;E:\tools\maven_jar\mysql\mysql-connector-java\8.0.28\mysql-connector-java-8.0.28.jar;E:\tools\maven_jar\com\google\protobuf\protobuf-java\3.11.4\protobuf-java-3.11.4.jar;E:\tools\maven_jar\org\projectlombok\lombok\1.18.26\lombok-1.18.26.jar;"/>
    <property name="java.vm.vendor" value="Oracle Corporation"/>
    <property name="sun.arch.data.model" value="64"/>
    <property name="user.variant" value=""/>
    <property name="java.vendor.url" value="https://java.oracle.com/"/>
    <property name="user.timezone" value="Asia/Shanghai"/>
    <property name="os.name" value="Windows 11"/>
    <property name="java.vm.specification.version" value="17"/>
    <property name="sun.java.launcher" value="SUN_STANDARD"/>
    <property name="user.country" value="CN"/>
    <property name="sun.boot.library.path" value="C:\Program Files\Java\jdk-17.0.4.1\bin"/>
    <property name="sun.java.command" value="C:\Users\17766\AppData\Local\Temp\surefire13815283709882049535\surefirebooter-20240925150255896_3.jar C:\Users\17766\AppData\Local\Temp\surefire13815283709882049535 2024-09-25T15-02-55_740-jvmRun1 surefire-20240925150255896_1tmp surefire_0-20240925150255896_2tmp"/>
    <property name="jdk.debug" value="release"/>
    <property name="surefire.test.class.path" value="E:\idea\Javaweb-learning\book-online\target\test-classes;E:\idea\Javaweb-learning\book-online\target\classes;E:\tools\maven_jar\jakarta\servlet\jakarta.servlet-api\6.0.0\jakarta.servlet-api-6.0.0.jar;E:\tools\maven_jar\org\junit\jupiter\junit-jupiter-api\5.9.1\junit-jupiter-api-5.9.1.jar;E:\tools\maven_jar\org\opentest4j\opentest4j\1.2.0\opentest4j-1.2.0.jar;E:\tools\maven_jar\org\junit\platform\junit-platform-commons\1.9.1\junit-platform-commons-1.9.1.jar;E:\tools\maven_jar\org\apiguardian\apiguardian-api\1.1.2\apiguardian-api-1.1.2.jar;E:\tools\maven_jar\org\junit\jupiter\junit-jupiter-engine\5.9.1\junit-jupiter-engine-5.9.1.jar;E:\tools\maven_jar\org\junit\platform\junit-platform-engine\1.9.1\junit-platform-engine-1.9.1.jar;E:\tools\maven_jar\com\alibaba\druid\1.2.8\druid-1.2.8.jar;E:\tools\maven_jar\javax\annotation\javax.annotation-api\1.3.2\javax.annotation-api-1.3.2.jar;E:\tools\maven_jar\org\springframework\spring-jdbc\5.3.15\spring-jdbc-5.3.15.jar;E:\tools\maven_jar\org\springframework\spring-beans\5.3.15\spring-beans-5.3.15.jar;E:\tools\maven_jar\org\springframework\spring-core\5.3.15\spring-core-5.3.15.jar;E:\tools\maven_jar\org\springframework\spring-jcl\5.3.15\spring-jcl-5.3.15.jar;E:\tools\maven_jar\org\springframework\spring-tx\5.3.15\spring-tx-5.3.15.jar;E:\tools\maven_jar\mysql\mysql-connector-java\8.0.28\mysql-connector-java-8.0.28.jar;E:\tools\maven_jar\com\google\protobuf\protobuf-java\3.11.4\protobuf-java-3.11.4.jar;E:\tools\maven_jar\org\projectlombok\lombok\1.18.26\lombok-1.18.26.jar;"/>
    <property name="test" value="com.example.bookonline.dao.BookDaoTest"/>
    <property name="sun.cpu.endian" value="little"/>
    <property name="user.home" value="C:\Users\17766"/>
    <property name="user.language" value="zh"/>
    <property name="java.specification.vendor" value="Oracle Corporation"/>
    <property name="java.version.date" value="2022-08-18"/>
    <property name="java.home" value="C:\Program Files\Java\jdk-17.0.4.1"/>
    <property name="file.separator" value="\"/>
    <property name="basedir" value="E:\idea\Javaweb-learning\book-online"/>
    <property name="java.vm.compressedOopsMode" value="Zero based"/>
    <property name="line.separator" value="&#10;"/>
    <property name="java.vm.specification.vendor" value="Oracle Corporation"/>
    <property name="java.specification.name" value="Java Platform API Specification"/>
    <property name="surefire.real.class.path" value="C:\Users\17766\AppData\Local\Temp\surefire13815283709882049535\surefirebooter-20240925150255896_3.jar"/>
    <property name="user.script" value=""/>
    <property name="sun.management.compiler" value="HotSpot 64-Bit Tiered Compilers"/>
    <property name="java.runtime.version" value="17.0.4.1+1-LTS-2"/>
    <property name="user.name" value="17766"/>
    <property name="path.separator" value=";"/>
    <property name="os.version" value="10.0"/>
    <property name="java.runtime.name" value="Java(TM) SE Runtime Environment"/>
    <property name="file.encoding" value="GBK"/>
    <property name="java.vm.name" value="Java HotSpot(TM) 64-Bit Server VM"/>
    <property name="localRepository" value="E:\tools\maven_jar"/>
    <property name="java.vendor.url.bug" value="https://bugreport.java.com/bugreport/"/>
    <property name="java.io.tmpdir" value="C:\Users\17766\AppData\Local\Temp\"/>
    <property name="idea.version" value="2024.2.1"/>
    <property name="java.version" value="17.0.4.1"/>
    <property name="user.dir" value="E:\idea\Javaweb-learning\book-online"/>
    <property name="os.arch" value="amd64"/>
    <property name="java.vm.specification.name" value="Java Virtual Machine Specification"/>
    <property name="sun.os.patch.level" value=""/>
    <property name="native.encoding" value="GBK"/>
    <property name="java.library.path" value="C:\Program Files\Java\jdk-17.0.4.1\bin;C:\WINDOWS\Sun\Java\bin;C:\WINDOWS\system32;C:\WINDOWS;E:\大数据\虚拟机\bin\;C:\Pr;gram Files\Common Files\Oracle\Java\javapath;C:\Windows\system32;C:\Windows;C:\Windows\System32\Wbem;C:\Windows\System32\WindowsPowerShell\v1.0\;C:\Windows\System32\OpenSSH\;C:\Program Files (x86)\NVIDIA Corporation\PhysX\Common;C:\Program Files\NVIDIA Corporation\NVIDIA NvDLISR;C:\WINDOWS\system32;C:\WINDOWS;C:\WINDOWS\System32\Wbem;C:\WINDOWS\System32\WindowsPowerShell\v1.0\;C:\WINDOWS\System32\OpenSSH\;C:\Program Files\Microsoft SQL Server\150\Tools\Binn\;C:\Program Files\Java\jdk-17.0.4.1\\bin;C:\WINDOWS\system32;C:\WINDOWS;C:\WINDOWS\System32\Wbem;C:\WINDOWS\System32\WindowsPowerShell\v1.0\;C:\WINDOWS\System32\OpenSSH\;C:\Program Files\MySQL\MySQL Server 8.0\bin;C:\Users\17766\Desktop\apache-tomcat-8.0.48-windows-x64\apache-tomcat-8.0.48\bin;E:\大数据\;%M;_HOME%\bin;E:\tools\apache-tomcat-10.1.28\bin;E:\nodejs;E:\github\Git\cmd;C:\Users\17766\AppData\Roaming\npm;E:\nodejs\node_modules\pnpm;C:\Users\17766\AppData\Local\Microsoft\WindowsApps;C:\Program Files (x86)\Tencent\QQGameTempest\Hall.57938\;C:\Program Files\JetBrains\WebStorm 2020.1.4\bin;;E:\vscode\Microsoft VS Code\bin;C:\Users\17766\AppData\Roaming\npm;."/>
    <property name="java.vm.info" value="mixed mode, sharing"/>
    <property name="java.vendor" value="Oracle Corporation"/>
    <property name="java.vm.version" value="17.0.4.1+1-LTS-2"/>
    <property name="sun.io.unicode.encoding" value="UnicodeLittle"/>
    <property name="maven.repo.local" value="E:\tools\maven_jar"/>
    <property name="java.class.version" value="61.0"/>
  </properties>
  <testcase name="selectAll" classname="com.example.bookonline.dao.BookDaoTest" time="0.017"/>
  <testcase name="getBookById" classname="com.example.bookonline.dao.BookDaoTest" time="0.0"/>
</testsuite>